<?xml version="1.0" encoding="UTF-8"?>
<!-- Generated by org.testng.reporters.JUnitXMLReporter -->
<testsuite hostname="DESKTOP-JEFE1IF" ignored="4" name="TestBlock1" tests="0" failures="0" timestamp="2023-04-14T17:38:05 GST" time="61.518" errors="0">
  <testcase name="@AfterTest closeBrowser" time="0.0" classname="com.actitime.generic.BaseClass">
    <ignored/>
  </testcase> <!-- @AfterTest closeBrowser -->
  <testcase name="@AfterTest closeBrowser" time="0.0" classname="com.actitime.generic.BaseClass">
    <ignored/>
  </testcase> <!-- @AfterTest closeBrowser -->
  <testcase name="@BeforeTest openBrowser" time="0.0" classname="com.actitime.generic.BaseClass">
    <ignored/>
  </testcase> <!-- @BeforeTest openBrowser -->
  <testcase name="@BeforeTest openBrowser" time="0.0" classname="com.actitime.generic.BaseClass">
    <ignored/>
  </testcase> <!-- @BeforeTest openBrowser -->
</testsuite> <!-- TestBlock1 -->
