<?xml version="1.0" encoding="UTF-8"?>
<!-- Generated by org.testng.reporters.JUnitXMLReporter -->
<testsuite hostname="DESKTOP-JEFE1IF" ignored="0" name="Test" tests="3" failures="0" timestamp="2023-04-14T21:57:57 GST" time="88.523" errors="0">
  <testcase name="testCreateCustomer" time="12.659" classname="com.actitime.testscript.CreateCustomer"/>
  <testcase name="testCreateProject" time="16.188" classname="com.actitime.testscript.CreateProject"/>
  <testcase name="testCreateTask" time="16.295" classname="com.actitime.testscript.CreateTask"/>
</testsuite> <!-- Test -->
